<?xml version="1.0" encoding="UTF-8"?>
<!-- Generated by org.testng.reporters.JUnitReportReporter -->
<testsuite hostname="AHLPT2208063-N" failures="0" tests="2" name="test_case.Access_permissions" time="0.000" errors="0" timestamp="2025-09-15T19:10:48 IST" skipped="2">
  <testcase classname="test_case.Access_permissions" name="Add_Group" time="0.000">
    <skipped/>
    <system-out>
      <![CDATA[Test Case Started : Add_Role]]>
    </system-out>
  </testcase> <!-- Add_Group -->
  <testcase classname="test_case.Access_permissions" name="Add_Role" time="0.000">
    <skipped/>
    <system-out>
      <![CDATA[==============================================================================================
Total Passed: 0(+0), Failures: 0(+0), Skips: 15(+15)
==============================================================================================]]>
    </system-out>
  </testcase> <!-- Add_Role -->
  <system-out>
    <![CDATA[Test Case Started : Login_Data
Test Case Started : logoutMainUser
Test Case Started : Login_Test
Test Case Started : Login_Test
Test Case Started : Login_Test
Test Case Started : Login_Test
Test Case Started : Block_User
Test Case Started : Block_User
Test Case Started : Block_User
Test Case Started : Block_User
Test Case Started : Block_User
Test Case Started : Block_User
Test Case Started : MainUserLogin
Test Case Started : Add_Group
Test Case Started : Add_Role
==============================================================================================
Total Passed: 0(+0), Failures: 0(+0), Skips: 15(+15)
==============================================================================================]]>
  </system-out>
</testsuite> <!-- test_case.Access_permissions -->
