<?xml version="1.0" encoding="UTF-8"?>
<!-- Generated by org.testng.reporters.JUnitReportReporter -->
<testsuite hostname="AHLPT2208063-N" failures="0" tests="1" name="utilities.ScreenShotBase" time="0.068" errors="0" timestamp="2025-01-06T11:37:44 IST" skipped="0">
  <testcase classname="utilities.ScreenShotBase" name="getScreenShot" time="0.068"/>
</testsuite> <!-- utilities.ScreenShotBase -->
