<?xml version="1.0" encoding="UTF-8"?>
<!-- Generated by org.testng.reporters.JUnitReportReporter -->
<testsuite hostname="AHLPT2208063-N" failures="0" tests="12" name="test_case.Login_Test_Data" time="0.001" errors="0" timestamp="2025-09-15T19:10:48 IST" skipped="12">
  <testcase classname="test_case.Login_Test_Data" name="logoutMainUser" time="0.000">
    <skipped/>
    <system-out>
      <![CDATA[Test Case Started : Login_Test]]>
    </system-out>
  </testcase> <!-- logoutMainUser -->
  <testcase classname="test_case.Login_Test_Data" name="Login_Test" time="0.000">
    <skipped/>
    <system-out>
      <![CDATA[Test Case Started : Login_Test]]>
    </system-out>
  </testcase> <!-- Login_Test -->
  <testcase classname="test_case.Login_Test_Data" name="Login_Test" time="0.000">
    <skipped/>
    <system-out>
      <![CDATA[Test Case Started : Login_Test]]>
    </system-out>
  </testcase> <!-- Login_Test -->
  <testcase classname="test_case.Login_Test_Data" name="Login_Test" time="0.000">
    <skipped/>
    <system-out>
      <![CDATA[Test Case Started : Block_User]]>
    </system-out>
  </testcase> <!-- Login_Test -->
  <testcase classname="test_case.Login_Test_Data" name="Login_Test" time="0.000">
    <skipped/>
    <system-out>
      <![CDATA[Test Case Started : Login_Test]]>
    </system-out>
  </testcase> <!-- Login_Test -->
  <testcase classname="test_case.Login_Test_Data" name="Block_User" time="0.001">
    <skipped/>
    <system-out>
      <![CDATA[Test Case Started : MainUserLogin]]>
    </system-out>
  </testcase> <!-- Block_User -->
  <testcase classname="test_case.Login_Test_Data" name="Block_User" time="0.000">
    <skipped/>
    <system-out>
      <![CDATA[Test Case Started : Block_User]]>
    </system-out>
  </testcase> <!-- Block_User -->
  <testcase classname="test_case.Login_Test_Data" name="Block_User" time="0.000">
    <skipped/>
    <system-out>
      <![CDATA[Test Case Started : Block_User]]>
    </system-out>
  </testcase> <!-- Block_User -->
  <testcase classname="test_case.Login_Test_Data" name="Block_User" time="0.000">
    <skipped/>
    <system-out>
      <![CDATA[Test Case Started : Block_User]]>
    </system-out>
  </testcase> <!-- Block_User -->
  <testcase classname="test_case.Login_Test_Data" name="Block_User" time="0.000">
    <skipped/>
    <system-out>
      <![CDATA[Test Case Started : Block_User]]>
    </system-out>
  </testcase> <!-- Block_User -->
  <testcase classname="test_case.Login_Test_Data" name="Block_User" time="0.000">
    <skipped/>
    <system-out>
      <![CDATA[Test Case Started : Block_User]]>
    </system-out>
  </testcase> <!-- Block_User -->
  <testcase classname="test_case.Login_Test_Data" name="MainUserLogin" time="0.000">
    <skipped/>
    <system-out>
      <![CDATA[Test Case Started : Add_Group]]>
    </system-out>
  </testcase> <!-- MainUserLogin -->
  <system-out>
    <![CDATA[Test Case Started : Login_Data
Test Case Started : logoutMainUser
Test Case Started : Login_Test
Test Case Started : Login_Test
Test Case Started : Login_Test
Test Case Started : Login_Test
Test Case Started : Block_User
Test Case Started : Block_User
Test Case Started : Block_User
Test Case Started : Block_User
Test Case Started : Block_User
Test Case Started : Block_User
Test Case Started : MainUserLogin
Test Case Started : Add_Group
Test Case Started : Add_Role
==============================================================================================
Total Passed: 0(+0), Failures: 0(+0), Skips: 15(+15)
==============================================================================================]]>
  </system-out>
</testsuite> <!-- test_case.Login_Test_Data -->
